Using device: cuda:0
GeForce GTX 1080 Ti
('./assets/PyDocTutorials', '.txt')
Initialize dataset with 237237 characters, 95 unique.
[2020-11-30 21:51] Train Step 0001/7500, Learning rate = 5.00e-03, Examples/Sec = 530.23, Accuracy = 00.21%, Loss = 4.558
[2020-11-30 21:51] Train Step 0075/7500, Learning rate = 4.77e-03, Examples/Sec = 701.83, Accuracy = 17.34%, Loss = 3.343
[2020-11-30 21:52] Train Step 0150/7500, Learning rate = 4.56e-03, Examples/Sec = 745.96, Accuracy = 28.44%, Loss = 2.820
[2020-11-30 21:52] Train Step 0225/7500, Learning rate = 4.35e-03, Examples/Sec = 751.14, Accuracy = 41.72%, Loss = 2.164
[2020-11-30 21:52] Train Step 0300/7500, Learning rate = 4.16e-03, Examples/Sec = 744.19, Accuracy = 46.88%, Loss = 1.907
[2020-11-30 21:52] Train Step 0375/7500, Learning rate = 3.97e-03, Examples/Sec = 753.63, Accuracy = 52.34%, Loss = 1.730
[2020-11-30 21:52] Train Step 0450/7500, Learning rate = 3.79e-03, Examples/Sec = 765.40, Accuracy = 55.26%, Loss = 1.578
[2020-11-30 21:52] Train Step 0525/7500, Learning rate = 3.62e-03, Examples/Sec = 765.45, Accuracy = 55.36%, Loss = 1.599
[2020-11-30 21:53] Train Step 0600/7500, Learning rate = 3.46e-03, Examples/Sec = 766.24, Accuracy = 58.80%, Loss = 1.444
[2020-11-30 21:53] Train Step 0675/7500, Learning rate = 3.30e-03, Examples/Sec = 740.99, Accuracy = 61.04%, Loss = 1.356
[2020-11-30 21:53] Train Step 0750/7500, Learning rate = 3.16e-03, Examples/Sec = 765.72, Accuracy = 58.96%, Loss = 1.434
[2020-11-30 21:53] Train Step 0825/7500, Learning rate = 3.01e-03, Examples/Sec = 746.44, Accuracy = 59.84%, Loss = 1.403
[2020-11-30 21:53] Train Step 0900/7500, Learning rate = 2.88e-03, Examples/Sec = 751.72, Accuracy = 58.80%, Loss = 1.429
[2020-11-30 21:53] Train Step 0975/7500, Learning rate = 2.75e-03, Examples/Sec = 747.75, Accuracy = 59.95%, Loss = 1.364
[2020-11-30 21:53] Train Step 1050/7500, Learning rate = 2.62e-03, Examples/Sec = 749.97, Accuracy = 60.89%, Loss = 1.357
[2020-11-30 21:53] Train Step 1125/7500, Learning rate = 2.51e-03, Examples/Sec = 747.51, Accuracy = 59.74%, Loss = 1.370
[2020-11-30 21:54] Train Step 1200/7500, Learning rate = 2.39e-03, Examples/Sec = 740.87, Accuracy = 62.50%, Loss = 1.281
[2020-11-30 21:54] Train Step 1275/7500, Learning rate = 2.29e-03, Examples/Sec = 756.63, Accuracy = 62.29%, Loss = 1.284
[2020-11-30 21:54] Train Step 1350/7500, Learning rate = 2.18e-03, Examples/Sec = 760.05, Accuracy = 62.45%, Loss = 1.295
[2020-11-30 21:54] Train Step 1425/7500, Learning rate = 2.08e-03, Examples/Sec = 757.49, Accuracy = 63.12%, Loss = 1.255
[2020-11-30 21:54] Train Step 1500/7500, Learning rate = 1.99e-03, Examples/Sec = 751.18, Accuracy = 63.75%, Loss = 1.244
[2020-11-30 21:54] Train Step 1575/7500, Learning rate = 1.90e-03, Examples/Sec = 744.05, Accuracy = 63.75%, Loss = 1.211
[2020-11-30 21:54] Train Step 1650/7500, Learning rate = 1.82e-03, Examples/Sec = 769.04, Accuracy = 65.16%, Loss = 1.175
[2020-11-30 21:54] Train Step 1725/7500, Learning rate = 1.73e-03, Examples/Sec = 767.94, Accuracy = 64.32%, Loss = 1.217
[2020-11-30 21:54] Train Step 1800/7500, Learning rate = 1.66e-03, Examples/Sec = 764.50, Accuracy = 65.16%, Loss = 1.155
[2020-11-30 21:55] Train Step 1875/7500, Learning rate = 1.58e-03, Examples/Sec = 766.08, Accuracy = 65.73%, Loss = 1.171
[2020-11-30 21:55] Train Step 1950/7500, Learning rate = 1.51e-03, Examples/Sec = 765.48, Accuracy = 63.75%, Loss = 1.200
[2020-11-30 21:55] Train Step 2025/7500, Learning rate = 1.44e-03, Examples/Sec = 768.67, Accuracy = 62.34%, Loss = 1.222
[2020-11-30 21:55] Train Step 2100/7500, Learning rate = 1.38e-03, Examples/Sec = 770.46, Accuracy = 65.21%, Loss = 1.211
[2020-11-30 21:55] Train Step 2175/7500, Learning rate = 1.32e-03, Examples/Sec = 746.15, Accuracy = 65.99%, Loss = 1.102
[2020-11-30 21:55] Train Step 2250/7500, Learning rate = 1.26e-03, Examples/Sec = 756.06, Accuracy = 66.72%, Loss = 1.109
[2020-11-30 21:55] Train Step 2325/7500, Learning rate = 1.20e-03, Examples/Sec = 749.28, Accuracy = 67.55%, Loss = 1.065
[2020-11-30 21:55] Train Step 2400/7500, Learning rate = 1.15e-03, Examples/Sec = 753.14, Accuracy = 67.14%, Loss = 1.109
[2020-11-30 21:55] Train Step 2475/7500, Learning rate = 1.09e-03, Examples/Sec = 765.91, Accuracy = 69.06%, Loss = 1.040
[2020-11-30 21:56] Train Step 2550/7500, Learning rate = 1.04e-03, Examples/Sec = 767.63, Accuracy = 68.85%, Loss = 1.024
[2020-11-30 21:56] Train Step 2625/7500, Learning rate = 9.98e-04, Examples/Sec = 765.86, Accuracy = 67.45%, Loss = 1.061
[2020-11-30 21:56] Train Step 2700/7500, Learning rate = 9.53e-04, Examples/Sec = 741.49, Accuracy = 69.01%, Loss = 1.030
[2020-11-30 21:56] Train Step 2775/7500, Learning rate = 9.10e-04, Examples/Sec = 764.94, Accuracy = 69.32%, Loss = 1.010
[2020-11-30 21:56] Train Step 2850/7500, Learning rate = 8.69e-04, Examples/Sec = 753.67, Accuracy = 70.31%, Loss = 1.016
[2020-11-30 21:56] Train Step 2925/7500, Learning rate = 8.30e-04, Examples/Sec = 770.94, Accuracy = 68.02%, Loss = 1.043
[2020-11-30 21:56] Train Step 3000/7500, Learning rate = 7.93e-04, Examples/Sec = 751.77, Accuracy = 68.91%, Loss = 1.018
[2020-11-30 21:56] Train Step 3075/7500, Learning rate = 7.57e-04, Examples/Sec = 764.01, Accuracy = 70.94%, Loss = 0.978
[2020-11-30 21:56] Train Step 3150/7500, Learning rate = 7.23e-04, Examples/Sec = 740.69, Accuracy = 70.31%, Loss = 0.996
[2020-11-30 21:57] Train Step 3225/7500, Learning rate = 6.90e-04, Examples/Sec = 767.05, Accuracy = 71.15%, Loss = 0.968
[2020-11-30 21:57] Train Step 3300/7500, Learning rate = 6.59e-04, Examples/Sec = 763.01, Accuracy = 69.01%, Loss = 1.024
[2020-11-30 21:57] Train Step 3375/7500, Learning rate = 6.30e-04, Examples/Sec = 755.56, Accuracy = 70.00%, Loss = 0.982
[2020-11-30 21:57] Train Step 3450/7500, Learning rate = 6.01e-04, Examples/Sec = 764.96, Accuracy = 70.05%, Loss = 0.961
[2020-11-30 21:57] Train Step 3525/7500, Learning rate = 5.74e-04, Examples/Sec = 753.39, Accuracy = 69.74%, Loss = 0.997
[2020-11-30 21:57] Train Step 3600/7500, Learning rate = 5.48e-04, Examples/Sec = 756.22, Accuracy = 70.47%, Loss = 0.982
[2020-11-30 21:57] Train Step 3675/7500, Learning rate = 5.24e-04, Examples/Sec = 758.76, Accuracy = 70.00%, Loss = 0.973
[2020-11-30 21:57] Train Step 3750/7500, Learning rate = 5.00e-04, Examples/Sec = 748.75, Accuracy = 70.68%, Loss = 1.003
[2020-11-30 21:57] Train Step 3825/7500, Learning rate = 4.78e-04, Examples/Sec = 767.48, Accuracy = 71.46%, Loss = 0.984
[2020-11-30 21:58] Train Step 3900/7500, Learning rate = 4.56e-04, Examples/Sec = 758.55, Accuracy = 72.92%, Loss = 0.872
[2020-11-30 21:58] Train Step 3975/7500, Learning rate = 4.36e-04, Examples/Sec = 755.58, Accuracy = 70.52%, Loss = 0.945
[2020-11-30 21:58] Train Step 4050/7500, Learning rate = 4.16e-04, Examples/Sec = 750.26, Accuracy = 73.28%, Loss = 0.884
[2020-11-30 21:58] Train Step 4125/7500, Learning rate = 3.97e-04, Examples/Sec = 770.40, Accuracy = 71.67%, Loss = 0.935
[2020-11-30 21:58] Train Step 4200/7500, Learning rate = 3.79e-04, Examples/Sec = 759.97, Accuracy = 72.34%, Loss = 0.902
[2020-11-30 21:58] Train Step 4275/7500, Learning rate = 3.62e-04, Examples/Sec = 761.42, Accuracy = 70.62%, Loss = 0.933
[2020-11-30 21:58] Train Step 4350/7500, Learning rate = 3.46e-04, Examples/Sec = 764.61, Accuracy = 70.94%, Loss = 0.935
[2020-11-30 21:58] Train Step 4425/7500, Learning rate = 3.30e-04, Examples/Sec = 765.08, Accuracy = 73.85%, Loss = 0.843
[2020-11-30 21:58] Train Step 4500/7500, Learning rate = 3.16e-04, Examples/Sec = 770.70, Accuracy = 73.39%, Loss = 0.870
[2020-11-30 21:59] Train Step 4575/7500, Learning rate = 3.01e-04, Examples/Sec = 744.22, Accuracy = 73.59%, Loss = 0.883
[2020-11-30 21:59] Train Step 4650/7500, Learning rate = 2.88e-04, Examples/Sec = 745.75, Accuracy = 72.55%, Loss = 0.882
[2020-11-30 21:59] Train Step 4725/7500, Learning rate = 2.75e-04, Examples/Sec = 767.48, Accuracy = 74.38%, Loss = 0.860
[2020-11-30 21:59] Train Step 4800/7500, Learning rate = 2.63e-04, Examples/Sec = 741.41, Accuracy = 74.11%, Loss = 0.863
[2020-11-30 21:59] Train Step 4875/7500, Learning rate = 2.51e-04, Examples/Sec = 762.70, Accuracy = 75.26%, Loss = 0.831
[2020-11-30 21:59] Train Step 4950/7500, Learning rate = 2.39e-04, Examples/Sec = 765.30, Accuracy = 74.84%, Loss = 0.840
[2020-11-30 21:59] Train Step 5025/7500, Learning rate = 2.29e-04, Examples/Sec = 756.86, Accuracy = 72.03%, Loss = 0.886
[2020-11-30 21:59] Train Step 5100/7500, Learning rate = 2.18e-04, Examples/Sec = 763.55, Accuracy = 74.79%, Loss = 0.838
[2020-11-30 21:59] Train Step 5175/7500, Learning rate = 2.09e-04, Examples/Sec = 756.12, Accuracy = 74.17%, Loss = 0.864
[2020-11-30 22:00] Train Step 5250/7500, Learning rate = 1.99e-04, Examples/Sec = 752.12, Accuracy = 71.77%, Loss = 0.895
[2020-11-30 22:00] Train Step 5325/7500, Learning rate = 1.90e-04, Examples/Sec = 731.09, Accuracy = 73.70%, Loss = 0.849
[2020-11-30 22:00] Train Step 5400/7500, Learning rate = 1.82e-04, Examples/Sec = 739.22, Accuracy = 73.59%, Loss = 0.885
[2020-11-30 22:00] Train Step 5475/7500, Learning rate = 1.73e-04, Examples/Sec = 753.86, Accuracy = 72.03%, Loss = 0.891
[2020-11-30 22:00] Train Step 5550/7500, Learning rate = 1.66e-04, Examples/Sec = 746.56, Accuracy = 72.60%, Loss = 0.891
[2020-11-30 22:00] Train Step 5625/7500, Learning rate = 1.58e-04, Examples/Sec = 745.83, Accuracy = 73.80%, Loss = 0.826
[2020-11-30 22:00] Train Step 5700/7500, Learning rate = 1.51e-04, Examples/Sec = 762.29, Accuracy = 76.51%, Loss = 0.824
[2020-11-30 22:00] Train Step 5775/7500, Learning rate = 1.44e-04, Examples/Sec = 740.76, Accuracy = 73.44%, Loss = 0.838
[2020-11-30 22:00] Train Step 5850/7500, Learning rate = 1.38e-04, Examples/Sec = 765.95, Accuracy = 73.18%, Loss = 0.851
[2020-11-30 22:01] Train Step 5925/7500, Learning rate = 1.32e-04, Examples/Sec = 466.13, Accuracy = 73.75%, Loss = 0.831
[2020-11-30 22:01] Train Step 6000/7500, Learning rate = 1.26e-04, Examples/Sec = 757.63, Accuracy = 76.04%, Loss = 0.799
[2020-11-30 22:01] Train Step 6075/7500, Learning rate = 1.20e-04, Examples/Sec = 753.00, Accuracy = 74.84%, Loss = 0.829
[2020-11-30 22:01] Train Step 6150/7500, Learning rate = 1.15e-04, Examples/Sec = 756.89, Accuracy = 74.01%, Loss = 0.840
[2020-11-30 22:01] Train Step 6225/7500, Learning rate = 1.09e-04, Examples/Sec = 764.24, Accuracy = 74.17%, Loss = 0.836
[2020-11-30 22:01] Train Step 6300/7500, Learning rate = 1.05e-04, Examples/Sec = 756.03, Accuracy = 73.65%, Loss = 0.898
[2020-11-30 22:01] Train Step 6375/7500, Learning rate = 9.98e-05, Examples/Sec = 765.29, Accuracy = 74.06%, Loss = 0.846
[2020-11-30 22:01] Train Step 6450/7500, Learning rate = 9.53e-05, Examples/Sec = 752.71, Accuracy = 75.99%, Loss = 0.795
[2020-11-30 22:01] Train Step 6525/7500, Learning rate = 9.10e-05, Examples/Sec = 756.52, Accuracy = 75.00%, Loss = 0.826
[2020-11-30 22:01] Train Step 6600/7500, Learning rate = 8.69e-05, Examples/Sec = 757.73, Accuracy = 74.22%, Loss = 0.864
[2020-11-30 22:02] Train Step 6675/7500, Learning rate = 8.30e-05, Examples/Sec = 745.48, Accuracy = 74.74%, Loss = 0.807
[2020-11-30 22:02] Train Step 6750/7500, Learning rate = 7.93e-05, Examples/Sec = 739.56, Accuracy = 75.36%, Loss = 0.789
[2020-11-30 22:02] Train Step 6825/7500, Learning rate = 7.57e-05, Examples/Sec = 739.03, Accuracy = 75.89%, Loss = 0.805
[2020-11-30 22:02] Train Step 6900/7500, Learning rate = 7.23e-05, Examples/Sec = 742.57, Accuracy = 74.74%, Loss = 0.830
[2020-11-30 22:02] Train Step 6975/7500, Learning rate = 6.91e-05, Examples/Sec = 739.03, Accuracy = 74.38%, Loss = 0.842
[2020-11-30 22:02] Train Step 7050/7500, Learning rate = 6.60e-05, Examples/Sec = 758.78, Accuracy = 75.26%, Loss = 0.827
[2020-11-30 22:02] Train Step 7125/7500, Learning rate = 6.30e-05, Examples/Sec = 756.54, Accuracy = 75.62%, Loss = 0.826
[2020-11-30 22:02] Train Step 7200/7500, Learning rate = 6.02e-05, Examples/Sec = 755.70, Accuracy = 73.91%, Loss = 0.835
[2020-11-30 22:02] Train Step 7275/7500, Learning rate = 5.75e-05, Examples/Sec = 765.95, Accuracy = 74.27%, Loss = 0.839
[2020-11-30 22:03] Train Step 7350/7500, Learning rate = 5.49e-05, Examples/Sec = 760.71, Accuracy = 75.21%, Loss = 0.830
[2020-11-30 22:03] Train Step 7425/7500, Learning rate = 5.24e-05, Examples/Sec = 768.21, Accuracy = 74.79%, Loss = 0.818
[2020-11-30 22:03] Train Step 7500/7500, Learning rate = 5.00e-05, Examples/Sec = 743.34, Accuracy = 74.84%, Loss = 0.820
7500
Done training.
