mkdir: cannot create directory '/home/lgpu0279/Practical2-2/models2/6951687': File exists
Using device: cuda:0
GeForce GTX 1080 Ti
('./assets/BartlebytheScrivener', '.txt')
Initialize dataset with 82458 characters, 65 unique.
[2020-11-30 21:51] Train Step 0001/7500, Learning rate = 5.00e-03, Examples/Sec = 425.29, Accuracy = 00.68%, Loss = 4.172
[2020-11-30 21:51] Train Step 0075/7500, Learning rate = 4.77e-03, Examples/Sec = 753.45, Accuracy = 31.41%, Loss = 2.470
[2020-11-30 21:52] Train Step 0150/7500, Learning rate = 4.56e-03, Examples/Sec = 741.10, Accuracy = 43.07%, Loss = 1.972
[2020-11-30 21:52] Train Step 0225/7500, Learning rate = 4.35e-03, Examples/Sec = 750.10, Accuracy = 47.08%, Loss = 1.743
[2020-11-30 21:52] Train Step 0300/7500, Learning rate = 4.16e-03, Examples/Sec = 751.39, Accuracy = 50.68%, Loss = 1.599
[2020-11-30 21:52] Train Step 0375/7500, Learning rate = 3.97e-03, Examples/Sec = 758.32, Accuracy = 53.02%, Loss = 1.533
[2020-11-30 21:52] Train Step 0450/7500, Learning rate = 3.79e-03, Examples/Sec = 758.24, Accuracy = 52.40%, Loss = 1.528
[2020-11-30 21:53] Train Step 0525/7500, Learning rate = 3.62e-03, Examples/Sec = 763.90, Accuracy = 54.64%, Loss = 1.433
[2020-11-30 21:53] Train Step 0600/7500, Learning rate = 3.46e-03, Examples/Sec = 750.52, Accuracy = 56.41%, Loss = 1.412
[2020-11-30 21:53] Train Step 0675/7500, Learning rate = 3.30e-03, Examples/Sec = 743.58, Accuracy = 56.41%, Loss = 1.369
[2020-11-30 21:53] Train Step 0750/7500, Learning rate = 3.16e-03, Examples/Sec = 758.43, Accuracy = 58.49%, Loss = 1.327
[2020-11-30 21:53] Train Step 0825/7500, Learning rate = 3.01e-03, Examples/Sec = 758.35, Accuracy = 58.85%, Loss = 1.304
[2020-11-30 21:53] Train Step 0900/7500, Learning rate = 2.88e-03, Examples/Sec = 750.17, Accuracy = 57.92%, Loss = 1.297
[2020-11-30 21:53] Train Step 0975/7500, Learning rate = 2.75e-03, Examples/Sec = 745.53, Accuracy = 60.47%, Loss = 1.283
[2020-11-30 21:54] Train Step 1050/7500, Learning rate = 2.62e-03, Examples/Sec = 760.30, Accuracy = 62.81%, Loss = 1.182
[2020-11-30 21:54] Train Step 1125/7500, Learning rate = 2.51e-03, Examples/Sec = 736.95, Accuracy = 61.15%, Loss = 1.211
[2020-11-30 21:54] Train Step 1200/7500, Learning rate = 2.39e-03, Examples/Sec = 750.26, Accuracy = 61.88%, Loss = 1.205
[2020-11-30 21:54] Train Step 1275/7500, Learning rate = 2.29e-03, Examples/Sec = 754.14, Accuracy = 62.60%, Loss = 1.147
[2020-11-30 21:54] Train Step 1350/7500, Learning rate = 2.18e-03, Examples/Sec = 764.67, Accuracy = 63.75%, Loss = 1.164
[2020-11-30 21:54] Train Step 1425/7500, Learning rate = 2.08e-03, Examples/Sec = 755.13, Accuracy = 65.36%, Loss = 1.077
[2020-11-30 21:54] Train Step 1500/7500, Learning rate = 1.99e-03, Examples/Sec = 766.96, Accuracy = 65.00%, Loss = 1.128
[2020-11-30 21:54] Train Step 1575/7500, Learning rate = 1.90e-03, Examples/Sec = 762.27, Accuracy = 65.99%, Loss = 1.067
[2020-11-30 21:55] Train Step 1650/7500, Learning rate = 1.82e-03, Examples/Sec = 753.37, Accuracy = 65.47%, Loss = 1.058
[2020-11-30 21:55] Train Step 1725/7500, Learning rate = 1.73e-03, Examples/Sec = 750.21, Accuracy = 67.45%, Loss = 1.005
[2020-11-30 21:55] Train Step 1800/7500, Learning rate = 1.66e-03, Examples/Sec = 765.88, Accuracy = 66.77%, Loss = 1.035
[2020-11-30 21:55] Train Step 1875/7500, Learning rate = 1.58e-03, Examples/Sec = 756.88, Accuracy = 69.27%, Loss = 0.965
[2020-11-30 21:55] Train Step 1950/7500, Learning rate = 1.51e-03, Examples/Sec = 760.39, Accuracy = 69.79%, Loss = 0.916
[2020-11-30 21:55] Train Step 2025/7500, Learning rate = 1.44e-03, Examples/Sec = 761.21, Accuracy = 70.21%, Loss = 0.965
[2020-11-30 21:55] Train Step 2100/7500, Learning rate = 1.38e-03, Examples/Sec = 740.11, Accuracy = 70.52%, Loss = 0.894
[2020-11-30 21:55] Train Step 2175/7500, Learning rate = 1.32e-03, Examples/Sec = 748.82, Accuracy = 69.22%, Loss = 0.942
[2020-11-30 21:55] Train Step 2250/7500, Learning rate = 1.26e-03, Examples/Sec = 749.64, Accuracy = 71.72%, Loss = 0.891
[2020-11-30 21:56] Train Step 2325/7500, Learning rate = 1.20e-03, Examples/Sec = 767.20, Accuracy = 72.66%, Loss = 0.850
[2020-11-30 21:56] Train Step 2400/7500, Learning rate = 1.15e-03, Examples/Sec = 759.61, Accuracy = 73.85%, Loss = 0.823
[2020-11-30 21:56] Train Step 2475/7500, Learning rate = 1.09e-03, Examples/Sec = 757.69, Accuracy = 72.24%, Loss = 0.854
[2020-11-30 21:56] Train Step 2550/7500, Learning rate = 1.04e-03, Examples/Sec = 757.00, Accuracy = 74.27%, Loss = 0.821
[2020-11-30 21:56] Train Step 2625/7500, Learning rate = 9.98e-04, Examples/Sec = 741.63, Accuracy = 74.95%, Loss = 0.801
[2020-11-30 21:56] Train Step 2700/7500, Learning rate = 9.53e-04, Examples/Sec = 735.05, Accuracy = 73.49%, Loss = 0.808
[2020-11-30 21:56] Train Step 2775/7500, Learning rate = 9.10e-04, Examples/Sec = 749.26, Accuracy = 76.46%, Loss = 0.751
[2020-11-30 21:57] Train Step 2850/7500, Learning rate = 8.69e-04, Examples/Sec = 737.14, Accuracy = 76.41%, Loss = 0.756
[2020-11-30 21:57] Train Step 2925/7500, Learning rate = 8.30e-04, Examples/Sec = 760.47, Accuracy = 75.36%, Loss = 0.768
[2020-11-30 21:57] Train Step 3000/7500, Learning rate = 7.93e-04, Examples/Sec = 738.73, Accuracy = 75.99%, Loss = 0.735
[2020-11-30 21:57] Train Step 3075/7500, Learning rate = 7.57e-04, Examples/Sec = 742.06, Accuracy = 77.40%, Loss = 0.707
[2020-11-30 21:57] Train Step 3150/7500, Learning rate = 7.23e-04, Examples/Sec = 737.52, Accuracy = 77.29%, Loss = 0.702
[2020-11-30 21:57] Train Step 3225/7500, Learning rate = 6.90e-04, Examples/Sec = 761.61, Accuracy = 77.08%, Loss = 0.734
[2020-11-30 21:57] Train Step 3300/7500, Learning rate = 6.59e-04, Examples/Sec = 755.88, Accuracy = 76.88%, Loss = 0.731
[2020-11-30 21:57] Train Step 3375/7500, Learning rate = 6.30e-04, Examples/Sec = 759.30, Accuracy = 76.77%, Loss = 0.731
[2020-11-30 21:57] Train Step 3450/7500, Learning rate = 6.01e-04, Examples/Sec = 737.94, Accuracy = 77.66%, Loss = 0.697
[2020-11-30 21:58] Train Step 3525/7500, Learning rate = 5.74e-04, Examples/Sec = 759.74, Accuracy = 77.14%, Loss = 0.699
[2020-11-30 21:58] Train Step 3600/7500, Learning rate = 5.48e-04, Examples/Sec = 741.74, Accuracy = 79.58%, Loss = 0.679
[2020-11-30 21:58] Train Step 3675/7500, Learning rate = 5.24e-04, Examples/Sec = 743.51, Accuracy = 79.17%, Loss = 0.665
[2020-11-30 21:58] Train Step 3750/7500, Learning rate = 5.00e-04, Examples/Sec = 740.37, Accuracy = 79.43%, Loss = 0.644
[2020-11-30 21:58] Train Step 3825/7500, Learning rate = 4.78e-04, Examples/Sec = 735.92, Accuracy = 80.31%, Loss = 0.612
[2020-11-30 21:58] Train Step 3900/7500, Learning rate = 4.56e-04, Examples/Sec = 745.86, Accuracy = 79.58%, Loss = 0.633
[2020-11-30 21:58] Train Step 3975/7500, Learning rate = 4.36e-04, Examples/Sec = 731.51, Accuracy = 80.10%, Loss = 0.635
[2020-11-30 21:58] Train Step 4050/7500, Learning rate = 4.16e-04, Examples/Sec = 753.93, Accuracy = 80.16%, Loss = 0.639
[2020-11-30 21:58] Train Step 4125/7500, Learning rate = 3.97e-04, Examples/Sec = 742.28, Accuracy = 80.26%, Loss = 0.602
[2020-11-30 21:59] Train Step 4200/7500, Learning rate = 3.79e-04, Examples/Sec = 753.49, Accuracy = 80.94%, Loss = 0.624
[2020-11-30 21:59] Train Step 4275/7500, Learning rate = 3.62e-04, Examples/Sec = 757.07, Accuracy = 80.68%, Loss = 0.617
[2020-11-30 21:59] Train Step 4350/7500, Learning rate = 3.46e-04, Examples/Sec = 739.24, Accuracy = 79.90%, Loss = 0.615
[2020-11-30 21:59] Train Step 4425/7500, Learning rate = 3.30e-04, Examples/Sec = 735.05, Accuracy = 80.47%, Loss = 0.607
[2020-11-30 21:59] Train Step 4500/7500, Learning rate = 3.16e-04, Examples/Sec = 758.77, Accuracy = 80.05%, Loss = 0.600
[2020-11-30 21:59] Train Step 4575/7500, Learning rate = 3.01e-04, Examples/Sec = 741.07, Accuracy = 81.04%, Loss = 0.584
[2020-11-30 21:59] Train Step 4650/7500, Learning rate = 2.88e-04, Examples/Sec = 761.33, Accuracy = 80.05%, Loss = 0.612
[2020-11-30 21:59] Train Step 4725/7500, Learning rate = 2.75e-04, Examples/Sec = 753.23, Accuracy = 81.35%, Loss = 0.588
[2020-11-30 22:00] Train Step 4800/7500, Learning rate = 2.63e-04, Examples/Sec = 716.06, Accuracy = 82.40%, Loss = 0.558
[2020-11-30 22:00] Train Step 4875/7500, Learning rate = 2.51e-04, Examples/Sec = 762.69, Accuracy = 81.15%, Loss = 0.616
[2020-11-30 22:00] Train Step 4950/7500, Learning rate = 2.39e-04, Examples/Sec = 741.74, Accuracy = 82.66%, Loss = 0.569
[2020-11-30 22:00] Train Step 5025/7500, Learning rate = 2.29e-04, Examples/Sec = 737.01, Accuracy = 81.04%, Loss = 0.585
[2020-11-30 22:00] Train Step 5100/7500, Learning rate = 2.18e-04, Examples/Sec = 739.25, Accuracy = 82.08%, Loss = 0.571
[2020-11-30 22:00] Train Step 5175/7500, Learning rate = 2.09e-04, Examples/Sec = 737.62, Accuracy = 82.76%, Loss = 0.558
[2020-11-30 22:00] Train Step 5250/7500, Learning rate = 1.99e-04, Examples/Sec = 760.26, Accuracy = 81.77%, Loss = 0.590
[2020-11-30 22:00] Train Step 5325/7500, Learning rate = 1.90e-04, Examples/Sec = 757.73, Accuracy = 82.29%, Loss = 0.580
[2020-11-30 22:00] Train Step 5400/7500, Learning rate = 1.82e-04, Examples/Sec = 737.13, Accuracy = 82.14%, Loss = 0.558
[2020-11-30 22:01] Train Step 5475/7500, Learning rate = 1.73e-04, Examples/Sec = 761.70, Accuracy = 83.39%, Loss = 0.540
[2020-11-30 22:01] Train Step 5550/7500, Learning rate = 1.66e-04, Examples/Sec = 735.90, Accuracy = 82.24%, Loss = 0.577
[2020-11-30 22:01] Train Step 5625/7500, Learning rate = 1.58e-04, Examples/Sec = 757.39, Accuracy = 83.49%, Loss = 0.539
[2020-11-30 22:01] Train Step 5700/7500, Learning rate = 1.51e-04, Examples/Sec = 739.77, Accuracy = 82.76%, Loss = 0.563
[2020-11-30 22:01] Train Step 5775/7500, Learning rate = 1.44e-04, Examples/Sec = 760.95, Accuracy = 83.85%, Loss = 0.523
[2020-11-30 22:01] Train Step 5850/7500, Learning rate = 1.38e-04, Examples/Sec = 758.92, Accuracy = 82.40%, Loss = 0.557
[2020-11-30 22:01] Train Step 5925/7500, Learning rate = 1.32e-04, Examples/Sec = 756.05, Accuracy = 83.39%, Loss = 0.528
[2020-11-30 22:01] Train Step 6000/7500, Learning rate = 1.26e-04, Examples/Sec = 746.19, Accuracy = 83.59%, Loss = 0.549
[2020-11-30 22:01] Train Step 6075/7500, Learning rate = 1.20e-04, Examples/Sec = 757.74, Accuracy = 83.28%, Loss = 0.530
[2020-11-30 22:02] Train Step 6150/7500, Learning rate = 1.15e-04, Examples/Sec = 746.89, Accuracy = 83.59%, Loss = 0.534
[2020-11-30 22:02] Train Step 6225/7500, Learning rate = 1.09e-04, Examples/Sec = 751.77, Accuracy = 82.66%, Loss = 0.546
[2020-11-30 22:02] Train Step 6300/7500, Learning rate = 1.05e-04, Examples/Sec = 759.09, Accuracy = 83.33%, Loss = 0.529
[2020-11-30 22:02] Train Step 6375/7500, Learning rate = 9.98e-05, Examples/Sec = 759.73, Accuracy = 83.28%, Loss = 0.539
[2020-11-30 22:02] Train Step 6450/7500, Learning rate = 9.53e-05, Examples/Sec = 739.94, Accuracy = 83.54%, Loss = 0.541
[2020-11-30 22:02] Train Step 6525/7500, Learning rate = 9.10e-05, Examples/Sec = 745.15, Accuracy = 84.22%, Loss = 0.508
[2020-11-30 22:02] Train Step 6600/7500, Learning rate = 8.69e-05, Examples/Sec = 750.45, Accuracy = 84.06%, Loss = 0.540
[2020-11-30 22:02] Train Step 6675/7500, Learning rate = 8.30e-05, Examples/Sec = 741.12, Accuracy = 82.97%, Loss = 0.536
[2020-11-30 22:02] Train Step 6750/7500, Learning rate = 7.93e-05, Examples/Sec = 761.48, Accuracy = 84.22%, Loss = 0.502
[2020-11-30 22:03] Train Step 6825/7500, Learning rate = 7.57e-05, Examples/Sec = 755.91, Accuracy = 83.96%, Loss = 0.523
[2020-11-30 22:03] Train Step 6900/7500, Learning rate = 7.23e-05, Examples/Sec = 756.52, Accuracy = 84.58%, Loss = 0.517
[2020-11-30 22:03] Train Step 6975/7500, Learning rate = 6.91e-05, Examples/Sec = 752.02, Accuracy = 82.66%, Loss = 0.535
[2020-11-30 22:03] Train Step 7050/7500, Learning rate = 6.60e-05, Examples/Sec = 757.99, Accuracy = 83.59%, Loss = 0.531
[2020-11-30 22:03] Train Step 7125/7500, Learning rate = 6.30e-05, Examples/Sec = 761.09, Accuracy = 83.59%, Loss = 0.533
[2020-11-30 22:03] Train Step 7200/7500, Learning rate = 6.02e-05, Examples/Sec = 735.36, Accuracy = 83.91%, Loss = 0.526
[2020-11-30 22:03] Train Step 7275/7500, Learning rate = 5.75e-05, Examples/Sec = 758.92, Accuracy = 83.54%, Loss = 0.516
[2020-11-30 22:03] Train Step 7350/7500, Learning rate = 5.49e-05, Examples/Sec = 755.63, Accuracy = 83.44%, Loss = 0.511
[2020-11-30 22:03] Train Step 7425/7500, Learning rate = 5.24e-05, Examples/Sec = 738.65, Accuracy = 82.71%, Loss = 0.544
[2020-11-30 22:04] Train Step 7500/7500, Learning rate = 5.00e-05, Examples/Sec = 762.17, Accuracy = 84.22%, Loss = 0.512
7500
Done training.
